d:\program files\cocos2d-x-2.2.6\projects\helloworld_demo_base\proj.win32\debug.win32\vc120.pdb
d:\program files\cocos2d-x-2.2.6\projects\helloworld_demo_base\proj.win32\debug.win32\vc120.idb
d:\program files\cocos2d-x-2.2.6\projects\helloworld_demo_base\proj.win32\debug.win32\appdelegate.obj
d:\program files\cocos2d-x-2.2.6\projects\helloworld_demo_base\proj.win32\debug.win32\demolayer.obj
d:\program files\cocos2d-x-2.2.6\projects\helloworld_demo_base\proj.win32\debug.win32\helloworldscene.obj
d:\program files\cocos2d-x-2.2.6\projects\helloworld_demo_base\proj.win32\debug.win32\main.obj
d:\program files\cocos2d-x-2.2.6\projects\helloworld_demo_base\proj.win32\debug.win32\helloworld_demo_base.ilk
d:\program files\cocos2d-x-2.2.6\projects\helloworld_demo_base\proj.win32\debug.win32\helloworld_demo_base.exe
d:\program files\cocos2d-x-2.2.6\projects\helloworld_demo_base\proj.win32\debug.win32\helloworld_demo_base.pdb
d:\program files\cocos2d-x-2.2.6\projects\helloworld_demo_base\proj.win32\debug.win32\libextensions.ilk
d:\program files\cocos2d-x-2.2.6\projects\helloworld_demo_base\proj.win32\debug.win32\libcocos2d.exp
d:\program files\cocos2d-x-2.2.6\projects\helloworld_demo_base\proj.win32\debug.win32\libcocosdenshion.exp
d:\program files\cocos2d-x-2.2.6\projects\helloworld_demo_base\proj.win32\debug.win32\libextensions.exp
d:\program files\cocos2d-x-2.2.6\projects\helloworld_demo_base\proj.win32\debug.win32\libcocos2d.pdb
d:\program files\cocos2d-x-2.2.6\projects\helloworld_demo_base\proj.win32\debug.win32\libcocosdenshion.pdb
d:\program files\cocos2d-x-2.2.6\projects\helloworld_demo_base\proj.win32\debug.win32\libextensions.pdb
d:\program files\cocos2d-x-2.2.6\projects\helloworld_demo_base\proj.win32\debug.win32\hellowor.76a39bb2.tlog\cl.command.1.tlog
d:\program files\cocos2d-x-2.2.6\projects\helloworld_demo_base\proj.win32\debug.win32\hellowor.76a39bb2.tlog\cl.read.1.tlog
d:\program files\cocos2d-x-2.2.6\projects\helloworld_demo_base\proj.win32\debug.win32\hellowor.76a39bb2.tlog\cl.write.1.tlog
d:\program files\cocos2d-x-2.2.6\projects\helloworld_demo_base\proj.win32\debug.win32\hellowor.76a39bb2.tlog\link.command.1.tlog
d:\program files\cocos2d-x-2.2.6\projects\helloworld_demo_base\proj.win32\debug.win32\hellowor.76a39bb2.tlog\link.read.1.tlog
d:\program files\cocos2d-x-2.2.6\projects\helloworld_demo_base\proj.win32\debug.win32\hellowor.76a39bb2.tlog\link.write.1.tlog
