Build started 2018/10/25 23:46:06.
     1>Project "D:\Program Files\cocos2d-x-2.2.6\projects\HelloWorld_demo_base\proj.win32\HelloWorld_demo_base.vcxproj" on node 2 (Build target(s)).
     1>PreLinkEvent:
         if not exist "D:\Program Files\cocos2d-x-2.2.6\projects\HelloWorld_demo_base\proj.win32\Release.win32\" mkdir "D:\Program Files\cocos2d-x-2.2.6\projects\HelloWorld_demo_base\proj.win32\Release.win32\"
         xcopy /Y /Q "D:\Program Files\cocos2d-x-2.2.6\projects\HelloWorld_demo_base\proj.win32\..\..\..\external\libwebsockets\win32\lib\*.*" "D:\Program Files\cocos2d-x-2.2.6\projects\HelloWorld_demo_base\proj.win32\Release.win32\"
         :VCEnd
         复制了 2 个文件
       Link:
         D:\Program Files\Microsoft Visual Studio 12.0\VC\bin\link.exe /ERRORREPORT:PROMPT /OUT:"D:\Program Files\cocos2d-x-2.2.6\projects\HelloWorld_demo_base\proj.win32\Release.win32\HelloWorld_demo_base.exe" /INCREMENTAL:NO /NOLOGO /LIBPATH:"D:\Program Files\cocos2d-x-2.2.6\projects\HelloWorld_demo_base\proj.win32\Release.win32\\" libExtensions.lib libcocos2d.lib libCocosDenshion.lib opengl32.lib glew32.lib libBox2d.lib libchipmunk.lib libcurl_imp.lib pthreadVCE2.lib websockets.lib kernel32.lib user32.lib gdi32.lib winspool.lib comdlg32.lib advapi32.lib shell32.lib ole32.lib oleaut32.lib uuid.lib odbc32.lib odbccp32.lib /MANIFEST /MANIFESTUAC:"level='asInvoker' uiAccess='false'" /manifest:embed /DEBUG /PDB:"D:\Program Files\cocos2d-x-2.2.6\projects\HelloWorld_demo_base\proj.win32\Release.win32\HelloWorld_demo_base.pdb" /SUBSYSTEM:WINDOWS,"5.01" /OPT:REF /OPT:ICF /LTCG /TLBID:1 /DYNAMICBASE /NXCOMPAT /IMPLIB:"D:\Program Files\cocos2d-x-2.2.6\projects\HelloWorld_demo_base\proj.win32\Release.win32\HelloWorld_demo_base.lib" /MACHINE:X86 /SAFESEH Release.win32\AppDelegate.obj
         Release.win32\DemoLayer.obj
         Release.win32\HelloWorldScene.obj
         Release.win32\main.obj
         "D:\Program Files\cocos2d-x-2.2.6\projects\HelloWorld_demo_base\proj.win32\Release.win32\libcocos2d.lib"
         "D:\Program Files\cocos2d-x-2.2.6\projects\HelloWorld_demo_base\proj.win32\Release.win32\libCocosDenshion.lib"
         "D:\Program Files\cocos2d-x-2.2.6\projects\HelloWorld_demo_base\proj.win32\Release.win32\libExtensions.lib"
         "D:\Program Files\cocos2d-x-2.2.6\projects\HelloWorld_demo_base\proj.win32\Release.win32\libBox2D.lib"
         "D:\Program Files\cocos2d-x-2.2.6\projects\HelloWorld_demo_base\proj.win32\Release.win32\libchipmunk.lib"
         Generating code
         Finished generating code
         HelloWorld_demo_base.vcxproj -> D:\Program Files\cocos2d-x-2.2.6\projects\HelloWorld_demo_base\proj.win32\Release.win32\HelloWorld_demo_base.exe
     1>Done Building Project "D:\Program Files\cocos2d-x-2.2.6\projects\HelloWorld_demo_base\proj.win32\HelloWorld_demo_base.vcxproj" (Build target(s)).

Build succeeded.

Time Elapsed 00:00:03.08
